[0.158s] Invoking command in '/home/unitree/manipulation/button/vba/tracik_ws/build/trac_ik_lib': CMAKE_PREFIX_PATH=${CMAKE_PREFIX_PATH}:/opt/ros/foxy /home/unitree/.local/bin/cmake /home/unitree/manipulation/button/vba/tracik_ws/src/trac_ik/trac_ik_lib -DCMAKE_BUILD_TYPE=Release -DCMAKE_INSTALL_PREFIX=/home/unitree/manipulation/button/vba/tracik_ws/install/trac_ik_lib
[0.239s] [0mCMake Deprecation Warning at CMakeLists.txt:1 (cmake_minimum_required):
[0.239s]   Compatibility with CMake < 3.10 will be removed from a future version of
[0.239s]   CMake.
[0.240s] 
[0.240s]   Update the VERSION argument <min> value.  Or, use the <min>...<max> syntax
[0.240s]   to tell CMake that the project requires at least <min> but has been updated
[0.240s]   to work with policies introduced by <max> or earlier.
[0.240s] 
[0.240s] [0m
[0.369s] -- The C compiler identification is GNU 9.4.0
[0.465s] -- The CXX compiler identification is GNU 9.4.0
[0.475s] -- Detecting C compiler ABI info
[0.527s] -- Detecting C compiler ABI info - done
[0.540s] -- Check for working C compiler: /usr/bin/cc - skipped
[0.540s] -- Detecting C compile features
[0.540s] -- Detecting C compile features - done
[0.553s] -- Detecting CXX compiler ABI info
[0.606s] -- Detecting CXX compiler ABI info - done
[0.618s] -- Check for working CXX compiler: /usr/bin/c++ - skipped
[0.618s] -- Detecting CXX compile features
[0.619s] -- Detecting CXX compile features - done
[0.629s] -- Found ament_cmake: 0.9.12 (/opt/ros/foxy/share/ament_cmake/cmake)
[0.635s] [33mCMake Warning (dev) at /opt/ros/foxy/share/ament_cmake_core/cmake/core/python.cmake:22 (find_package):
[0.635s]   Policy CMP0148 is not set: The FindPythonInterp and FindPythonLibs modules
[0.635s]   are removed.  Run "cmake --help-policy CMP0148" for policy details.  Use
[0.635s]   the cmake_policy command to set the policy and suppress this warning.
[0.635s] 
[0.635s] Call Stack (most recent call first):
[0.635s]   /opt/ros/foxy/share/ament_cmake_core/cmake/core/all.cmake:53 (include)
[0.635s]   /opt/ros/foxy/share/ament_cmake_core/cmake/ament_cmake_core-extras.cmake:17 (include)
[0.635s]   /opt/ros/foxy/share/ament_cmake_core/cmake/ament_cmake_coreConfig.cmake:41 (include)
[0.635s]   /opt/ros/foxy/share/ament_cmake/cmake/ament_cmake_export_dependencies-extras.cmake:15 (find_package)
[0.635s]   /opt/ros/foxy/share/ament_cmake/cmake/ament_cmakeConfig.cmake:41 (include)
[0.635s]   CMakeLists.txt:9 (find_package)
[0.635s] This warning is for project developers.  Use -Wno-dev to suppress it.
[0.635s] [0m
[0.651s] -- Found PythonInterp: /usr/bin/python3 (found suitable version "3.8.10", minimum required is "3")
[0.651s] -- Using PYTHON_EXECUTABLE: /usr/bin/python3
[0.811s] -- Found eigen3_cmake_module: 0.1.1 (/opt/ros/foxy/share/eigen3_cmake_module/cmake)
[0.813s] -- Found geometry_msgs: 2.0.5 (/opt/ros/foxy/share/geometry_msgs/cmake)
[0.849s] -- Using all available rosidl_typesupport_c: rosidl_typesupport_fastrtps_c;rosidl_typesupport_introspection_c
[0.856s] -- Found rosidl_adapter: 1.3.1 (/opt/ros/foxy/share/rosidl_adapter/cmake)
[0.941s] -- Found OpenSSL: /usr/lib/x86_64-linux-gnu/libcrypto.so (found version "1.1.1f")
[0.972s] -- Found FastRTPS: /opt/ros/foxy/include
[1.050s] -- Using all available rosidl_typesupport_cpp: rosidl_typesupport_fastrtps_cpp;rosidl_typesupport_introspection_cpp
[1.140s] -- Found kdl_parser: 2.4.1 (/opt/ros/foxy/share/kdl_parser/cmake)
[1.146s] -- Found Eigen3: TRUE (found version "3.3.7")
[1.167s] [31mCMake Error at CMakeLists.txt:14 (find_package):
[1.168s]   By not providing "FindNLopt.cmake" in CMAKE_MODULE_PATH this project has
[1.168s]   asked CMake to find a package configuration file provided by "NLopt", but
[1.168s]   CMake did not find one.
[1.168s] 
[1.168s]   Could not find a package configuration file provided by "NLopt" with any of
[1.168s]   the following names:
[1.168s] 
[1.168s]     NLoptConfig.cmake
[1.168s]     nlopt-config.cmake
[1.168s] 
[1.168s]   Add the installation prefix of "NLopt" to CMAKE_PREFIX_PATH or set
[1.168s]   "NLopt_DIR" to a directory containing one of the above files.  If "NLopt"
[1.169s]   provides a separate development package or SDK, be sure it has been
[1.169s]   installed.
[1.169s] 
[1.169s] [0m
[1.169s] -- Configuring incomplete, errors occurred!
[1.178s] Invoked command in '/home/unitree/manipulation/button/vba/tracik_ws/build/trac_ik_lib' returned '1': CMAKE_PREFIX_PATH=${CMAKE_PREFIX_PATH}:/opt/ros/foxy /home/unitree/.local/bin/cmake /home/unitree/manipulation/button/vba/tracik_ws/src/trac_ik/trac_ik_lib -DCMAKE_BUILD_TYPE=Release -DCMAKE_INSTALL_PREFIX=/home/unitree/manipulation/button/vba/tracik_ws/install/trac_ik_lib
